==============================================================================
Tests                                                                         
==============================================================================
Tests.Login Tests                                                             
==============================================================================
Verify Authentication with Correct Password :: Checks if authentic...   
  Traceback (most recent call last):
    ~~~~~~~~~~~~~~~~~~~~~~~~~~~~~~~~~~~~~~~~~~~~~~~~~~~~~~~~~~~~~~~~~~~~~~~~~~
    File  /home/ala/Documents/automation webui/internetbox 5 automation/tests/login_tests.robot:12
    T:  Verify Authentication with Correct Password    
    ~~~~~~~~~~~~~~~~~~~~~~~~~~~~~~~~~~~~~~~~~~~~~~~~~~~~~~~~~~~~~~~~~~~~~~~~~~
    File  /home/ala/Documents/automation webui/internetbox 5 automation/tests/login_tests.robot:18
      Auth Check Successful Login    ${language}
      |  ${language} = fr (str)
    ~~~~~~~~~~~~~~~~~~~~~~~~~~~~~~~~~~~~~~~~~~~~~~~~~~~~~~~~~~~~~~~~~~~~~~~~~~
    File  /home/ala/Documents/automation webui/internetbox 5 automation/pages/login/loginKeywords.robot:22
      Wait Until Element Is Visible    ${weakPasswordModal}    timeout=10s
      |  ${weakPasswordModal} = xpath://*[contains(@class, 'modalWindowInner')]/div/span (str)
______________________________________________________________________________
| FAIL |
Element 'xpath://*[contains(@class, 'modalWindowInner')]/div/span' not visible after 10 seconds.
------------------------------------------------------------------------------
Verify Authentication with Wrong Password :: Checks if authenticat... | FAIL |
Execution terminated by signal
------------------------------------------------------------------------------
Tests.Login Tests                                                     | FAIL |
2 tests, 0 passed, 2 failed
==============================================================================
Tests                                                                 | FAIL |
2 tests, 0 passed, 2 failed
==============================================================================
Output:  /home/ala/Documents/automation webui/internetbox 5 automation/pabot_results/0/output.xml
